<?xml version="1.0" encoding="UTF-8"?>
<!-- Generated by org.testng.reporters.JUnitXMLReporter -->
<testsuite ignored="0" hostname="Pravin-Zoof-Laptop" failures="0" tests="5" name="Countable functional Test" time="169.517" errors="0" timestamp="2023-06-06T14:34:18 IST">
  <testcase classname="com.qa.countable.tests.DashboardTest" name="@AfterTest teardown" time="4.502">
    <failure type="org.openqa.selenium.ElementClickInterceptedException" message="element click intercepted: Element &amp;lt;span&amp;gt;...&amp;lt;/span&amp;gt; is not clickable at point (1912, 247). Other element would receive the click: &amp;lt;div id=&amp;quot;cdk-overlay-0&amp;quot; class=&amp;quot;cdk-overlay-pane&amp;quot; style=&amp;quot;position: static;&amp;quot;&amp;gt;...&amp;lt;/div&amp;gt;
  (Session info: chrome=114.0.5735.110)
Build info: version: &amp;apos;4.8.3&amp;apos;, revision: &amp;apos;e5e76298c3&amp;apos;
System info: os.name: &amp;apos;Windows 10&amp;apos;, os.arch: &amp;apos;amd64&amp;apos;, os.version: &amp;apos;10.0&amp;apos;, java.version: &amp;apos;17.0.3&amp;apos;
Driver info: org.openqa.selenium.chrome.ChromeDriver
Command: [6312bb0a42d15851420c5d37d37a681b, clickElement {id=1CE52522B676B2B2578CCA1F2E9740CC_element_218}]
Capabilities {acceptInsecureCerts: false, browserName: chrome, browserVersion: 114.0.5735.110, chrome: {chromedriverVersion: 114.0.5735.90 (386bc09e8f4f..., userDataDir: C:\Users\Dell\AppData\Local...}, goog:chromeOptions: {debuggerAddress: localhost:65148}, networkConnectionEnabled: false, pageLoadStrategy: normal, platformName: WINDOWS, proxy: Proxy(), se:cdp: ws://localhost:65148/devtoo..., se:cdpVersion: 114.0.5735.110, setWindowRect: true, strictFileInteractability: false, timeouts: {implicit: 0, pageLoad: 300000, script: 30000}, unhandledPromptBehavior: dismiss and notify, webauthn:extension:credBlob: true, webauthn:extension:largeBlob: true, webauthn:extension:minPinLength: true, webauthn:extension:prf: true, webauthn:virtualAuthenticators: true}
Element: [[ChromeDriver: chrome on WINDOWS (6312bb0a42d15851420c5d37d37a681b)] -&amp;gt; xpath: //span[contains(text(),&amp;apos;Log out&amp;apos;)]]
Session ID: 6312bb0a42d15851420c5d37d37a681b">
      <![CDATA[org.openqa.selenium.ElementClickInterceptedException: element click intercepted: Element <span>...</span> is not clickable at point (1912, 247). Other element would receive the click: <div id="cdk-overlay-0" class="cdk-overlay-pane" style="position: static;">...</div>
  (Session info: chrome=114.0.5735.110)
Build info: version: '4.8.3', revision: 'e5e76298c3'
System info: os.name: 'Windows 10', os.arch: 'amd64', os.version: '10.0', java.version: '17.0.3'
Driver info: org.openqa.selenium.chrome.ChromeDriver
Command: [6312bb0a42d15851420c5d37d37a681b, clickElement {id=1CE52522B676B2B2578CCA1F2E9740CC_element_218}]
Capabilities {acceptInsecureCerts: false, browserName: chrome, browserVersion: 114.0.5735.110, chrome: {chromedriverVersion: 114.0.5735.90 (386bc09e8f4f..., userDataDir: C:\Users\Dell\AppData\Local...}, goog:chromeOptions: {debuggerAddress: localhost:65148}, networkConnectionEnabled: false, pageLoadStrategy: normal, platformName: WINDOWS, proxy: Proxy(), se:cdp: ws://localhost:65148/devtoo..., se:cdpVersion: 114.0.5735.110, setWindowRect: true, strictFileInteractability: false, timeouts: {implicit: 0, pageLoad: 300000, script: 30000}, unhandledPromptBehavior: dismiss and notify, webauthn:extension:credBlob: true, webauthn:extension:largeBlob: true, webauthn:extension:minPinLength: true, webauthn:extension:prf: true, webauthn:virtualAuthenticators: true}
Element: [[ChromeDriver: chrome on WINDOWS (6312bb0a42d15851420c5d37d37a681b)] -> xpath: //span[contains(text(),'Log out')]]
Session ID: 6312bb0a42d15851420c5d37d37a681b
at org.openqa.selenium.remote.codec.w3c.W3CHttpResponseCodec.createException(W3CHttpResponseCodec.java:200)
at org.openqa.selenium.remote.codec.w3c.W3CHttpResponseCodec.decode(W3CHttpResponseCodec.java:133)
at org.openqa.selenium.remote.codec.w3c.W3CHttpResponseCodec.decode(W3CHttpResponseCodec.java:53)
at org.openqa.selenium.remote.HttpCommandExecutor.execute(HttpCommandExecutor.java:193)
at org.openqa.selenium.remote.service.DriverCommandExecutor.invokeExecute(DriverCommandExecutor.java:183)
at org.openqa.selenium.remote.service.DriverCommandExecutor.execute(DriverCommandExecutor.java:158)
at org.openqa.selenium.remote.RemoteWebDriver.execute(RemoteWebDriver.java:543)
at org.openqa.selenium.remote.RemoteWebElement.execute(RemoteWebElement.java:257)
at org.openqa.selenium.remote.RemoteWebElement.click(RemoteWebElement.java:78)
at com.qa.countable.page.LoginPage.logout(LoginPage.java:113)
at com.qa.countable.tests.DashboardTest.teardown(DashboardTest.java:89)
... Removed 29 stack frames]]>
    </failure>
  </testcase> <!-- @AfterTest teardown -->
  <testcase classname="com.qa.countable.tests.DashboardTest" name="verifyHomeTitle" time="0.14"/>
  <testcase classname="com.qa.countable.tests.DashboardTest" name="HomepageHeader" time="0.333"/>
  <testcase classname="com.qa.countable.tests.DashboardTest" name="DashboardSearch" time="34.563"/>
  <testcase classname="com.qa.countable.tests.DashboardTest" name="ViewTeam" time="9.605"/>
  <testcase classname="com.qa.countable.tests.DashboardTest" name="ViewClient" time="12.624"/>
</testsuite> <!-- Countable functional Test -->
